{"name": "test_update_users[NoValid- Book not found]", "status": "failed", "statusDetails": {"message": "AssertionError: Expected 400/404, got 403", "trace": "self = <tests.test_api_resource.TestusersAPI object at 0x0000017B25F9A7B0>, data = {'action': 'update_by_id', 'additionalneeds': '', 'id': 999999.0, 'checkin': NaT, ...}\n\n    @allure.description(\"Updates users details by users ID.\")\n    @pytest.mark.parametrize(*load_test_data(\"apis\", \"update_by_id\", parametrize=True))\n    def test_update_users(self, data):\n        expected = parse_bool(data.get(\"expected\"))\n        id = extract_id(data, fallback_id=self.__class__.created_ids[0])\n        payload = build_users_payload(data)\n    \n        print(\"\\n[UPDATE] users ID:\", id)\n        print(\"[UPDATE] Payload:\", payload)\n    \n        res = self.users_api.update_users(id, payload=payload)\n    \n        print(\"[UPDATE] Response Code:\", res.status_code)\n        print(\"[UPDATE] Response Body:\", res.text)\n    \n>       validate_response(res, expected)\n\ntests\\test_api_resource.py:65: \n_ _ _ _ _ _ _ _ _ _ _ _ _ _ _ _ _ _ _ _ _ _ _ _ _ _ _ _ _ _ _ _ _ _ _ _ _ _ _ _ _ _ _ _ _ _ _ _ _ _ _ _ _ _ _ _ _ _ _ _ _ _ _ _ _ _ _ _ _ _ _ _ _ _ _ _ _ _ _ _ _ _ _ _ _ _ _ _ _ _ _ _ _ _ _ _ _ _ _ _ _ _ _ _ _ _ _ _ _ _ _ _ _ _\n\nres = <Response [403]>, expected = False\n\n    def validate_response(res, expected):\n        \"\"\"\n        Validates the HTTP response status and JSON fields for single-object responses.\n        \"\"\"\n        if expected:\n            assert res.status_code in [200, 201, 204], f\"Expected 200/201/204, got {res.status_code}\"\n            if res.status_code == 204:\n                return\n            try:\n                data = res.json()\n            except Exception as e:\n                raise AssertionError(f\"Response is not valid JSON: {e}\")\n            assert_common_fields(data)\n        else:\n>           assert res.status_code in [400, 404], f\"Expected 400/404, got {res.status_code}\"\nE           AssertionError: Expected 400/404, got 403\n\nutils\\response_validators.py:47: AssertionError"}, "description": "Updates users details by users ID.", "attachments": [{"name": "‚è∞ Test Start Time", "source": "72e4819b-ee38-4336-9368-2f8aae73c7bc-attachment.txt", "type": "text/plain"}, {"name": "üèÅ Test End Time", "source": "4a2dae06-45e2-41b3-9449-19c1cc7c4563-attachment.txt", "type": "text/plain"}, {"name": "‚è±Ô∏è Test Duration", "source": "01fd7e93-e8a7-45a2-8f56-92430f378c7b-attachment.txt", "type": "text/plain"}, {"name": "[PUT] request", "source": "93612468-9720-4499-924e-fbba158fdd7b-attachment.txt", "type": "text/plain"}, {"name": "response [403]", "source": "c866a535-5525-4392-b1b1-8221d7ed051e-attachment.txt", "type": "text/plain"}], "parameters": [{"name": "data", "value": "{'action': 'update_by_id', 'id': 999999.0, 'username': '', 'password': '', 'firstname': '', 'lastname': '', 'totalprice': '', 'depositpaid': '', 'checkin': NaT, 'checkout': NaT, 'additionalneeds': '', 'expected': False, 'note': 'NoValid- Book not found'}"}], "start": 1753306482439, "stop": 1753306483068, "uuid": "8a36d245-c925-4505-8249-471a37dc3bac", "historyId": "f0b01e43e31555aab78548d89af5e0bb", "testCaseId": "b5cf996acdbf337d70d6630e3e1a8d62", "fullName": "tests.test_api_resource.TestusersAPI#test_update_users", "labels": [{"name": "epic", "value": "users API"}, {"name": "tag", "value": "@pytest.mark.usefixtures('setup')"}, {"name": "tag", "value": "api"}, {"name": "parentSuite", "value": "tests"}, {"name": "suite", "value": "test_api_resource"}, {"name": "subSuite", "value": "TestusersAPI"}, {"name": "host", "value": "Saber"}, {"name": "thread", "value": "7256-MainThread"}, {"name": "framework", "value": "pytest"}, {"name": "language", "value": "cpython3"}, {"name": "package", "value": "tests.test_api_resource"}]}